<?xml version="1.0" encoding="UTF-8"?>
<!-- Generated by org.testng.reporters.JUnitXMLReporter -->
<testsuite hostname="ATMECSINLT-085" ignored="0" name="Test validate CHROMEcom.atmecs.testing.testscripts.TestVerify" tests="1" failures="0" timestamp="05 Nov 2019 06:43:09 GMT" time="12.314" errors="0">
  <testcase name="@BeforeTest baseSetup" time="12.308" classname="com.atmecs.testing.testbase.TestBase">
    <failure type="java.lang.NullPointerException">
      <![CDATA[java.lang.NullPointerException
at com.atmecs.testing.logreports.LogReporter.logReportMessage(LogReporter.java:24)
at com.atmecs.testing.testbase.TestBase.baseSetup(TestBase.java:101)
at java.util.concurrent.FutureTask.run(Unknown Source)
at java.util.concurrent.ThreadPoolExecutor.runWorker(Unknown Source)
at java.util.concurrent.ThreadPoolExecutor$Worker.run(Unknown Source)
at java.lang.Thread.run(Unknown Source)
... Removed 15 stack frames]]>
    </failure>
  </testcase> <!-- @BeforeTest baseSetup -->
  <testcase name="@AfterMethod tearDown" time="0.0" classname="com.atmecs.testing.extentreport.Extent">
    <skipped/>
  </testcase> <!-- @AfterMethod tearDown -->
  <testcase name="@AfterTest endDriver" time="0.0" classname="com.atmecs.testing.extentreport.Extent">
    <skipped/>
  </testcase> <!-- @AfterTest endDriver -->
  <testcase name="verifyarchetype" time="0.0" classname="com.atmecs.testing.testscripts.TestVerify">
    <skipped/>
  </testcase> <!-- verifyarchetype -->
</testsuite> <!-- Test validate CHROMEcom.atmecs.testing.testscripts.TestVerify -->
