<?xml version="1.0" encoding="UTF-8"?>
<testng-results skipped="0" failed="1" ignored="0" total="2" passed="1">
  <reporter-output>
  </reporter-output>
  <suite name="Default suite" duration-ms="1154" started-at="2019-11-05T15:51:25Z" finished-at="2019-11-05T15:51:26Z">
    <groups>
    </groups>
    <test name="Default test" duration-ms="1154" started-at="2019-11-05T15:51:25Z" finished-at="2019-11-05T15:51:26Z">
      <class name="com.atmecs.testing.testscripts.TestNGMethod">
        <test-method status="PASS" signature="XmlSuiteRunner(java.lang.String, java.lang.String, java.lang.String)[pri:0, instance:com.atmecs.testing.testscripts.TestNGMethod@5e3a8624]" name="XmlSuiteRunner" duration-ms="14" started-at="2019-11-05T15:51:26Z" data-provider="testdata" finished-at="2019-11-05T15:51:26Z">
          <params>
            <param index="0">
              <value>
                <![CDATA[com.atmecs.testing.testscripts.TestVerifyPhpTravels]]>
              </value>
            </param>
            <param index="1">
              <value>
                <![CDATA[n]]>
              </value>
            </param>
            <param index="2">
              <value>
                <![CDATA[https://www.phptravels.net/]]>
              </value>
            </param>
          </params>
          <reporter-output>
          </reporter-output>
        </test-method> <!-- XmlSuiteRunner -->
        <test-method status="FAIL" signature="XmlSuiteRunner(java.lang.String, java.lang.String, java.lang.String)[pri:0, instance:com.atmecs.testing.testscripts.TestNGMethod@5e3a8624]" name="XmlSuiteRunner" duration-ms="4" started-at="2019-11-05T15:51:26Z" data-provider="testdata" finished-at="2019-11-05T15:51:26Z">
          <params>
            <param index="0">
              <value>
                <![CDATA[com.atmecs.testing.testscripts.TestVerifyCanvas ]]>
              </value>
            </param>
            <param index="1">
              <value>
                <![CDATA[y]]>
              </value>
            </param>
            <param index="2">
              <value>
                <![CDATA[https://www.redbus.in/]]>
              </value>
            </param>
          </params>
          <exception class="java.lang.ClassNotFoundException">
            <message>
              <![CDATA[com.atmecs.testing.testscripts.TestVerifyCanvas ]]>
            </message>
            <full-stacktrace>
              <![CDATA[java.lang.ClassNotFoundException: com.atmecs.testing.testscripts.TestVerifyCanvas 
at java.net.URLClassLoader.findClass(Unknown Source)
at java.lang.ClassLoader.loadClass(Unknown Source)
at sun.misc.Launcher$AppClassLoader.loadClass(Unknown Source)
at java.lang.ClassLoader.loadClass(Unknown Source)
at java.lang.Class.forName0(Native Method)
at java.lang.Class.forName(Unknown Source)
at com.atmecs.testing.testscripts.TestNGMethod.XmlSuiteRunner(TestNGMethod.java:68)
at sun.reflect.NativeMethodAccessorImpl.invoke0(Native Method)
at sun.reflect.NativeMethodAccessorImpl.invoke(Unknown Source)
at sun.reflect.DelegatingMethodAccessorImpl.invoke(Unknown Source)
at java.lang.reflect.Method.invoke(Unknown Source)
at org.testng.internal.MethodInvocationHelper.invokeMethod(MethodInvocationHelper.java:124)
at org.testng.internal.Invoker.invokeMethod(Invoker.java:583)
at org.testng.internal.Invoker.invokeTestMethod(Invoker.java:719)
at org.testng.internal.Invoker.invokeTestMethods(Invoker.java:989)
at org.testng.internal.TestMethodWorker.invokeTestMethods(TestMethodWorker.java:125)
at org.testng.internal.TestMethodWorker.run(TestMethodWorker.java:109)
at org.testng.TestRunner.privateRun(TestRunner.java:648)
at org.testng.TestRunner.run(TestRunner.java:505)
at org.testng.SuiteRunner.runTest(SuiteRunner.java:455)
at org.testng.SuiteRunner.runSequentially(SuiteRunner.java:450)
at org.testng.SuiteRunner.privateRun(SuiteRunner.java:415)
at org.testng.SuiteRunner.run(SuiteRunner.java:364)
at org.testng.SuiteRunnerWorker.runSuite(SuiteRunnerWorker.java:52)
at org.testng.SuiteRunnerWorker.run(SuiteRunnerWorker.java:84)
at org.testng.TestNG.runSuitesSequentially(TestNG.java:1208)
at org.testng.TestNG.runSuitesLocally(TestNG.java:1137)
at org.testng.TestNG.runSuites(TestNG.java:1049)
at org.testng.TestNG.run(TestNG.java:1017)
at org.testng.remote.AbstractRemoteTestNG.run(AbstractRemoteTestNG.java:115)
at org.testng.remote.RemoteTestNG.initAndRun(RemoteTestNG.java:251)
at org.testng.remote.RemoteTestNG.main(RemoteTestNG.java:77)
]]>
            </full-stacktrace>
          </exception> <!-- java.lang.ClassNotFoundException -->
          <reporter-output>
          </reporter-output>
        </test-method> <!-- XmlSuiteRunner -->
      </class> <!-- com.atmecs.testing.testscripts.TestNGMethod -->
    </test> <!-- Default test -->
  </suite> <!-- Default suite -->
</testng-results>
